<?xml version="1.0" encoding="UTF-8"?>
<!-- Generated by org.testng.reporters.JUnitXMLReporter -->
<testsuite hostname="EPUALVIW0912" name="ChromeTesting" tests="3" failures="0" timestamp="23 Nov 2017 17:07:59 GMT" time="22.572" errors="0">
  <testcase name="checkLogInAdminUser" time="1.16" classname="pageobject.facadetest.DemoTestSuit"/>
  <testcase name="checkLogInManagerUser" time="0.86" classname="pageobject.facadetest.DemoTestSuit"/>
  <testcase name="checkLogInShipperUser" time="0.853" classname="pageobject.facadetest.DemoTestSuit"/>
</testsuite> <!-- ChromeTesting -->
