<?xml version="1.0" encoding="UTF-8"?>
<testsuite xmlns:xsi="http://www.w3.org/2001/XMLSchema-instance" xsi:noNamespaceSchemaLocation="https://maven.apache.org/surefire/maven-surefire-plugin/xsd/surefire-test-report.xsd" name="TestSuite" time="87.081" tests="6" errors="0" skipped="0" failures="1">
  <properties>
[...]
</properties>
  <testcase name="checkRedirectionToMenuPageAfterAddingLocationManuallyTEST" classname="pageobject.buildertest.DemoTestSuit" time="17.327">
    <failure message="no such element: Unable to locate element: {&quot;method&quot;:&quot;xpath&quot;,&quot;selector&quot;:&quot;//figure[@data-strain=&apos;hybrid&apos; and @data-product=&apos;prerolls&apos;]//h2[.=&apos;testproduct1342&apos;]/..//div[@class=&apos;pack-count three-packs text-color-2&apos;]/div[@class=&apos;count-part count-plus&apos;]&quot;}&#10;  (Session info: chrome=62.0.3202.94)&#10;  (Driver info: chromedriver=2.33.506120 (e3e53437346286c0bc2d2dc9aa4915ba81d9023f),platform=Windows NT 10.0.15063 x86_64) (WARNING: The server did not provide any stacktrace information)&#10;Command duration or timeout: 10.03 seconds&#10;For documentation on this error, please visit: http://seleniumhq.org/exceptions/no_such_element.html&#10;Build info: version: &apos;2.53.1&apos;, revision: &apos;a36b8b1cd5757287168e54b817830adce9b0158d&apos;, time: &apos;2016-06-30 19:26:09&apos;&#10;System info: host: &apos;EPUALVIW0912&apos;, ip: &apos;10.25.14.48&apos;, os.name: &apos;Windows 10&apos;, os.arch: &apos;amd64&apos;, os.version: &apos;10.0&apos;, java.version: &apos;1.8.0_151&apos;&#10;Driver info: org.openqa.selenium.chrome.ChromeDriver&#10;Capabilities [{applicationCacheEnabled=false, rotatable=false, mobileEmulationEnabled=false, networkConnectionEnabled=false, chrome={chromedriverVersion=2.33.506120 (e3e53437346286c0bc2d2dc9aa4915ba81d9023f), userDataDir=C:\Users\NAZAR_~1\AppData\Local\Temp\scoped_dir20928_1985}, takesHeapSnapshot=true, pageLoadStrategy=normal, databaseEnabled=false, handlesAlerts=true, hasTouchScreen=false, version=62.0.3202.94, platform=XP, browserConnectionEnabled=false, nativeEvents=true, acceptSslCerts=true, locationContextEnabled=true, webStorageEnabled=true, browserName=chrome, takesScreenshot=true, javascriptEnabled=true, cssSelectorsEnabled=true, setWindowRect=true, unexpectedAlertBehaviour=}]&#10;Session ID: 42698aab76f87d62769d478293c9c92e&#10;*** Element info: {Using=xpath, value=//figure[@data-strain=&apos;hybrid&apos; and @data-product=&apos;prerolls&apos;]//h2[.=&apos;testproduct1342&apos;]/..//div[@class=&apos;pack-count three-packs text-color-2&apos;]/div[@class=&apos;count-part count-plus&apos;]}" type="org.openqa.selenium.NoSuchElementException">org.openqa.selenium.NoSuchElementException: 
no such element: Unable to locate element: {"method":"xpath","selector":"//figure[@data-strain='hybrid' and @data-product='prerolls']//h2[.='testproduct1342']/..//div[@class='pack-count three-packs text-color-2']/div[@class='count-part count-plus']"}
  (Session info: chrome=62.0.3202.94)
  (Driver info: chromedriver=2.33.506120 (e3e53437346286c0bc2d2dc9aa4915ba81d9023f),platform=Windows NT 10.0.15063 x86_64) (WARNING: The server did not provide any stacktrace information)
Command duration or timeout: 10.03 seconds
For documentation on this error, please visit: http://seleniumhq.org/exceptions/no_such_element.html
Build info: version: '2.53.1', revision: 'a36b8b1cd5757287168e54b817830adce9b0158d', time: '2016-06-30 19:26:09'
System info: host: 'EPUALVIW0912', ip: '10.25.14.48', os.name: 'Windows 10', os.arch: 'amd64', os.version: '10.0', java.version: '1.8.0_151'
Driver info: org.openqa.selenium.chrome.ChromeDriver
Capabilities [{applicationCacheEnabled=false, rotatable=false, mobileEmulationEnabled=false, networkConnectionEnabled=false, chrome={chromedriverVersion=2.33.506120 (e3e53437346286c0bc2d2dc9aa4915ba81d9023f), userDataDir=C:\Users\NAZAR_~1\AppData\Local\Temp\scoped_dir20928_1985}, takesHeapSnapshot=true, pageLoadStrategy=normal, databaseEnabled=false, handlesAlerts=true, hasTouchScreen=false, version=62.0.3202.94, platform=XP, browserConnectionEnabled=false, nativeEvents=true, acceptSslCerts=true, locationContextEnabled=true, webStorageEnabled=true, browserName=chrome, takesScreenshot=true, javascriptEnabled=true, cssSelectorsEnabled=true, setWindowRect=true, unexpectedAlertBehaviour=}]
Session ID: 42698aab76f87d62769d478293c9c92e
*** Element info: {Using=xpath, value=//figure[@data-strain='hybrid' and @data-product='prerolls']//h2[.='testproduct1342']/..//div[@class='pack-count three-packs text-color-2']/div[@class='count-part count-plus']}
	at pageobject.buildertest.DemoTestSuit.checkRedirectionToMenuPageAfterAddingLocationManuallyTEST(DemoTestSuit.java:34)
</failure>
    <system-out><![CDATA[...
... TestNG 6.9.10 by C?dric Beust (cedric@beust.com)
...

2017-12-01 19:10:10,968 INFO  EventHandler:34 - WebDriver navigated to 'https://devtests.mmjtrain.com/'
2017-12-01 19:10:11,118 DEBUG EventHandler:71 - Element should be found byBy.xpath: //input[@id='address-geo']
From Listener: class pageObject.mmjtraine.businessobject.geolocationstrategy.ManualLocation
2017-12-01 19:10:11,141 DEBUG EventHandler:85 - WebDriver found elementBy.xpath: //input[@id='address-geo']
2017-12-01 19:10:11,280 DEBUG EventHandler:71 - Element should be found byBy.xpath: //span[@class='pac-item-query']//span[contains(text(),'San Francisco')]
From Listener: class pageObject.mmjtraine.businessobject.geolocationstrategy.ManualLocation
2017-12-01 19:10:11,521 DEBUG EventHandler:85 - WebDriver found elementBy.xpath: //span[@class='pac-item-query']//span[contains(text(),'San Francisco')]
2017-12-01 19:10:11,605 INFO  EventHandler:94 - Clicked successfull
2017-12-01 19:10:11,620 DEBUG EventHandler:71 - Element should be found byBy.xpath: //div[@class='btn-main btn-border user-location']/span[contains(text(),'Your Location')]
From Listener: class pageObject.mmjtraine.pages.MenuPage
2017-12-01 19:10:11,865 DEBUG EventHandler:85 - WebDriver found elementBy.xpath: //div[@class='btn-main btn-border user-location']/span[contains(text(),'Your Location')]
2017-12-01 19:10:11,895 INFO  Page:126 - Page is found
2017-12-01 19:10:11,900 DEBUG EventHandler:71 - Element should be found byBy.xpath: //figure[@data-strain='hybrid' and @data-product='flowers']//h2[.='Girl Scout Cookies']/..//span[.='1/2 oz']
From Listener: class pageObject.mmjtraine.pages.MenuPage
2017-12-01 19:10:12,061 DEBUG EventHandler:85 - WebDriver found elementBy.xpath: //figure[@data-strain='hybrid' and @data-product='flowers']//h2[.='Girl Scout Cookies']/..//span[.='1/2 oz']
2017-12-01 19:10:12,134 INFO  EventHandler:94 - Clicked successfull
2017-12-01 19:10:12,136 DEBUG EventHandler:71 - Element should be found byBy.xpath: //figure[@data-strain='hybrid' and @data-product='flowers']//h2[.='Girl Scout Cookies']/..//span[.='1/2 oz']/ancestor::div[@class='product-order']//button[.='Add to Cart']
From Listener: class pageObject.mmjtraine.pages.MenuPage
2017-12-01 19:10:12,160 DEBUG EventHandler:85 - WebDriver found elementBy.xpath: //figure[@data-strain='hybrid' and @data-product='flowers']//h2[.='Girl Scout Cookies']/..//span[.='1/2 oz']/ancestor::div[@class='product-order']//button[.='Add to Cart']
2017-12-01 19:10:12,221 INFO  EventHandler:94 - Clicked successfull
2017-12-01 19:10:12,224 DEBUG EventHandler:71 - Element should be found byBy.xpath: //figure[@data-strain='hybrid' and @data-product='prerolls']//h2[.='testproduct1342']/..//div[@class='pack-count three-packs text-color-2']/div[@class='count-part count-plus']
From Listener: class pageObject.mmjtraine.pages.MenuPage
2017-12-01 19:10:22,263 INFO  TestExecutionListener:56 - --- TEST FAILED!!!!! ---
<p><b>Test Status after execution: </b>&nbspFailed<p>
<b><a href="file:///C:\Users\Nazar_Gorodenchuk\Desktop\patternsdemo-master/target/screenshots/checkRedirectionToMenuPageAfterAddingLocationManuallyTEST/checkRedirectionToMenuPageAfterAddingLocationManuallyTEST_01_12_2017_07_10_25.png" target='_blank' ><p><br/><img src="file:///C:\Users\Nazar_Gorodenchuk\Desktop\patternsdemo-master/target/screenshots/checkRedirectionToMenuPageAfterAddingLocationManuallyTEST/checkRedirectionToMenuPageAfterAddingLocationManuallyTEST_01_12_2017_07_10_25.png" width="600" height="400" alt=""/><br/></p></a></b><p>
2017-12-01 19:10:25,888 INFO  TestExecutionListener:108 - Taking screenShot with file name: checkRedirectionToMenuPageAfterAddingLocationManuallyTEST_01_12_2017_07_10_25.png
2017-12-01 19:10:25,893 DEBUG TestExecutionListener:124 - Writing out web browser screenshot on checkRedirectionToMenuPageAfterAddingLocationManuallyTEST Test failure
2017-12-01 19:10:27,978 DEBUG TestExecutionListener:157 - Converting screenshot to byte array for report attachment
2017-12-01 19:10:28,230 INFO  TestExecutionListener:161 - Successfully wrote screenshot to byte array output stream
2017-12-01 19:10:28,231 INFO  TestExecutionListener:172 - Converted image screenshot to byte array. Byte array size is: 788229
]]></system-out>
    <system-err><![CDATA[SLF4J: Failed to load class "org.slf4j.impl.StaticLoggerBinder".
SLF4J: Defaulting to no-operation (NOP) logger implementation
SLF4J: See http://www.slf4j.org/codes.html#StaticLoggerBinder for further details.
Starting ChromeDriver 2.33.506120 (e3e53437346286c0bc2d2dc9aa4915ba81d9023f) on port 9872
Only local connections are allowed.
]]></system-err>
  </testcase>
  <testcase name="checkRedirectionToMenuPageAfterAddingLocationAutomatically" classname="pageobject.strategytest.DemoTestSuit" time="1.892"/>
  <testcase name="checkRedirectionToMenuPageAfterAddingLocationManually" classname="pageobject.strategytest.DemoTestSuit" time="0.761"/>
  <testcase name="checkLogInAdminUser" classname="pageobject.facadetest.DemoTestSuit" time="10.041"/>
  <testcase name="checkLogInManagerUser" classname="pageobject.facadetest.DemoTestSuit" time="0.749"/>
  <testcase name="checkLogInShipperUser" classname="pageobject.facadetest.DemoTestSuit" time="0.826"/>
</testsuite>